#-----------------------------------------------------------
# Vivado v2017.2 (64-bit)
# SW Build 1909853 on Thu Jun 15 18:39:09 MDT 2017
# IP Build 1909766 on Thu Jun 15 19:58:00 MDT 2017
# Start of session at: Wed Nov 22 00:24:58 2017
# Process ID: 8492
# Current directory: C:/Users/t.anjary/Desktop/DIG/VGA/VGA_trial
# Command line: vivado.exe -gui_launcher_event rodinguilauncherevent5272 C:\Users\t.anjary\Desktop\DIG\VGA\VGA_trial\VGA_trial.xpr
# Log file: C:/Users/t.anjary/Desktop/DIG/VGA/VGA_trial/vivado.log
# Journal file: C:/Users/t.anjary/Desktop/DIG/VGA/VGA_trial\vivado.jou
#-----------------------------------------------------------
start_gui
open_project C:/Users/t.anjary/Desktop/DIG/VGA/VGA_trial/VGA_trial.xpr
INFO: [Project 1-313] Project file moved from 'C:/Users/t.anjary/Desktop/DIG/Lab07/VGA_trial' since last save.
Scanning sources...
Finished scanning sources
INFO: [IP_Flow 19-234] Refreshing IP repositories
INFO: [IP_Flow 19-1704] No user IP repositories specified
INFO: [IP_Flow 19-2313] Loaded Vivado IP repository 'C:/Xilinx/Vivado/2017.2/data/ip'.
open_project: Time (s): cpu = 00:00:27 ; elapsed = 00:00:10 . Memory (MB): peak = 797.855 ; gain = 26.445
update_compile_order -fileset sources_1
exit
INFO: [Common 17-206] Exiting Vivado at Wed Nov 22 01:08:42 2017...
