Copyright 1986-2017 Xilinx, Inc. All Rights Reserved.
-------------------------------------------------------------------------------------------------------------
| Tool Version : Vivado v.2017.2 (win64) Build 1909853 Thu Jun 15 18:39:09 MDT 2017
| Date         : Tue Dec 19 09:21:36 2017
| Host         : DESKTOP-147MREP running 64-bit major release  (build 9200)
| Command      : report_methodology -file VGA_methodology_drc_routed.rpt -rpx VGA_methodology_drc_routed.rpx
| Design       : VGA
| Device       : xc7a35tcpg236-1
| Speed File   : -1
| Design State : Routed
-------------------------------------------------------------------------------------------------------------

Report Methodology

Table of Contents
-----------------
1. REPORT SUMMARY
2. REPORT DETAILS

1. REPORT SUMMARY
-----------------
            Netlist: netlist
          Floorplan: design_1
      Design limits: <entire design considered>
             Max violations: <unlimited>
             Violations found: 197
+-----------+----------+-------------------------------+------------+
| Rule      | Severity | Description                   | Violations |
+-----------+----------+-------------------------------+------------+
| SYNTH-11  | Warning  | DSP output not registered     | 2          |
| TIMING-16 | Warning  | Large setup violation         | 18         |
| TIMING-17 | Warning  | Non-clocked sequential cell   | 64         |
| TIMING-18 | Warning  | Missing input or output delay | 22         |
| TIMING-20 | Warning  | Non-clocked latch             | 91         |
+-----------+----------+-------------------------------+------------+

2. REPORT DETAILS
-----------------
SYNTH-11#1 Warning
DSP output not registered  
DSP instance C1/DRAW_out0 is not fully pipelined on the output side. MREG/PREG are not used.
Related violations: <none>

SYNTH-11#2 Warning
DSP output not registered  
DSP instance C1/DRAW_out1 is not fully pipelined on the output side. MREG/PREG are not used.
Related violations: <none>

TIMING-16#1 Warning
Large setup violation  
There is a large setup violation of -1.169 ns between C1/HPOS_reg[1]/C (clocked by sys_clk_pin) and C1/R_reg[3]/D (clocked by sys_clk_pin). Large setup violations at the end of those stages might be difficult to fix during the post-placement implementation flow and could be the result of non-optimal XDC constraints or non-optimal design architecture
Related violations: <none>

TIMING-16#2 Warning
Large setup violation  
There is a large setup violation of -1.183 ns between C1/HPOS_reg[1]/C (clocked by sys_clk_pin) and C1/R_reg[3]_lopt_replica_2/D (clocked by sys_clk_pin). Large setup violations at the end of those stages might be difficult to fix during the post-placement implementation flow and could be the result of non-optimal XDC constraints or non-optimal design architecture
Related violations: <none>

TIMING-16#3 Warning
Large setup violation  
There is a large setup violation of -1.192 ns between C1/HPOS_reg[1]/C (clocked by sys_clk_pin) and C1/R_reg[3]_lopt_replica_3/D (clocked by sys_clk_pin). Large setup violations at the end of those stages might be difficult to fix during the post-placement implementation flow and could be the result of non-optimal XDC constraints or non-optimal design architecture
Related violations: <none>

TIMING-16#4 Warning
Large setup violation  
There is a large setup violation of -1.206 ns between C1/HPOS_reg[1]/C (clocked by sys_clk_pin) and C1/R_reg[3]_lopt_replica/D (clocked by sys_clk_pin). Large setup violations at the end of those stages might be difficult to fix during the post-placement implementation flow and could be the result of non-optimal XDC constraints or non-optimal design architecture
Related violations: <none>

TIMING-16#5 Warning
Large setup violation  
There is a large setup violation of -1.226 ns between C1/HPOS_reg[1]/C (clocked by sys_clk_pin) and C1/B_reg[3]_lopt_replica/D (clocked by sys_clk_pin). Large setup violations at the end of those stages might be difficult to fix during the post-placement implementation flow and could be the result of non-optimal XDC constraints or non-optimal design architecture
Related violations: <none>

TIMING-16#6 Warning
Large setup violation  
There is a large setup violation of -1.233 ns between C1/HPOS_reg[1]/C (clocked by sys_clk_pin) and C1/B_reg[3]_lopt_replica_2/D (clocked by sys_clk_pin). Large setup violations at the end of those stages might be difficult to fix during the post-placement implementation flow and could be the result of non-optimal XDC constraints or non-optimal design architecture
Related violations: <none>

TIMING-16#7 Warning
Large setup violation  
There is a large setup violation of -1.238 ns between C1/HPOS_reg[1]/C (clocked by sys_clk_pin) and C1/B_reg[3]_lopt_replica_3/D (clocked by sys_clk_pin). Large setup violations at the end of those stages might be difficult to fix during the post-placement implementation flow and could be the result of non-optimal XDC constraints or non-optimal design architecture
Related violations: <none>

TIMING-16#8 Warning
Large setup violation  
There is a large setup violation of -1.274 ns between C1/HPOS_reg[1]/C (clocked by sys_clk_pin) and C1/G_reg[3]_lopt_replica_2/D (clocked by sys_clk_pin). Large setup violations at the end of those stages might be difficult to fix during the post-placement implementation flow and could be the result of non-optimal XDC constraints or non-optimal design architecture
Related violations: <none>

TIMING-16#9 Warning
Large setup violation  
There is a large setup violation of -1.282 ns between C1/HPOS_reg[1]/C (clocked by sys_clk_pin) and C1/G_reg[3]/D (clocked by sys_clk_pin). Large setup violations at the end of those stages might be difficult to fix during the post-placement implementation flow and could be the result of non-optimal XDC constraints or non-optimal design architecture
Related violations: <none>

TIMING-16#10 Warning
Large setup violation  
There is a large setup violation of -1.294 ns between C1/HPOS_reg[1]/C (clocked by sys_clk_pin) and C1/G_reg[3]_lopt_replica/D (clocked by sys_clk_pin). Large setup violations at the end of those stages might be difficult to fix during the post-placement implementation flow and could be the result of non-optimal XDC constraints or non-optimal design architecture
Related violations: <none>

TIMING-16#11 Warning
Large setup violation  
There is a large setup violation of -1.514 ns between C1/HPOS_reg[1]/C (clocked by sys_clk_pin) and C1/R_reg[3]/CE (clocked by sys_clk_pin). Large setup violations at the end of those stages might be difficult to fix during the post-placement implementation flow and could be the result of non-optimal XDC constraints or non-optimal design architecture
Related violations: <none>

TIMING-16#12 Warning
Large setup violation  
There is a large setup violation of -1.514 ns between C1/HPOS_reg[1]/C (clocked by sys_clk_pin) and C1/R_reg[3]_lopt_replica/CE (clocked by sys_clk_pin). Large setup violations at the end of those stages might be difficult to fix during the post-placement implementation flow and could be the result of non-optimal XDC constraints or non-optimal design architecture
Related violations: <none>

TIMING-16#13 Warning
Large setup violation  
There is a large setup violation of -1.514 ns between C1/HPOS_reg[1]/C (clocked by sys_clk_pin) and C1/R_reg[3]_lopt_replica_2/CE (clocked by sys_clk_pin). Large setup violations at the end of those stages might be difficult to fix during the post-placement implementation flow and could be the result of non-optimal XDC constraints or non-optimal design architecture
Related violations: <none>

TIMING-16#14 Warning
Large setup violation  
There is a large setup violation of -1.514 ns between C1/HPOS_reg[1]/C (clocked by sys_clk_pin) and C1/R_reg[3]_lopt_replica_3/CE (clocked by sys_clk_pin). Large setup violations at the end of those stages might be difficult to fix during the post-placement implementation flow and could be the result of non-optimal XDC constraints or non-optimal design architecture
Related violations: <none>

TIMING-16#15 Warning
Large setup violation  
There is a large setup violation of -2.203 ns between C1/HPOS_reg[1]/C (clocked by sys_clk_pin) and C1/R_reg[3]/R (clocked by sys_clk_pin). Large setup violations at the end of those stages might be difficult to fix during the post-placement implementation flow and could be the result of non-optimal XDC constraints or non-optimal design architecture
Related violations: <none>

TIMING-16#16 Warning
Large setup violation  
There is a large setup violation of -2.203 ns between C1/HPOS_reg[1]/C (clocked by sys_clk_pin) and C1/R_reg[3]_lopt_replica/R (clocked by sys_clk_pin). Large setup violations at the end of those stages might be difficult to fix during the post-placement implementation flow and could be the result of non-optimal XDC constraints or non-optimal design architecture
Related violations: <none>

TIMING-16#17 Warning
Large setup violation  
There is a large setup violation of -2.203 ns between C1/HPOS_reg[1]/C (clocked by sys_clk_pin) and C1/R_reg[3]_lopt_replica_2/R (clocked by sys_clk_pin). Large setup violations at the end of those stages might be difficult to fix during the post-placement implementation flow and could be the result of non-optimal XDC constraints or non-optimal design architecture
Related violations: <none>

TIMING-16#18 Warning
Large setup violation  
There is a large setup violation of -2.203 ns between C1/HPOS_reg[1]/C (clocked by sys_clk_pin) and C1/R_reg[3]_lopt_replica_3/R (clocked by sys_clk_pin). Large setup violations at the end of those stages might be difficult to fix during the post-placement implementation flow and could be the result of non-optimal XDC constraints or non-optimal design architecture
Related violations: <none>

TIMING-17#1 Warning
Non-clocked sequential cell  
The clock pin C1/BALL_X_reg[10]/C is not reached by a timing clock
Related violations: <none>

TIMING-17#2 Warning
Non-clocked sequential cell  
The clock pin C1/BALL_X_reg[1]/C is not reached by a timing clock
Related violations: <none>

TIMING-17#3 Warning
Non-clocked sequential cell  
The clock pin C1/BALL_X_reg[2]/C is not reached by a timing clock
Related violations: <none>

TIMING-17#4 Warning
Non-clocked sequential cell  
The clock pin C1/BALL_X_reg[3]/C is not reached by a timing clock
Related violations: <none>

TIMING-17#5 Warning
Non-clocked sequential cell  
The clock pin C1/BALL_X_reg[4]/C is not reached by a timing clock
Related violations: <none>

TIMING-17#6 Warning
Non-clocked sequential cell  
The clock pin C1/BALL_X_reg[5]/C is not reached by a timing clock
Related violations: <none>

TIMING-17#7 Warning
Non-clocked sequential cell  
The clock pin C1/BALL_X_reg[6]/C is not reached by a timing clock
Related violations: <none>

TIMING-17#8 Warning
Non-clocked sequential cell  
The clock pin C1/BALL_X_reg[7]/C is not reached by a timing clock
Related violations: <none>

TIMING-17#9 Warning
Non-clocked sequential cell  
The clock pin C1/BALL_X_reg[8]/C is not reached by a timing clock
Related violations: <none>

TIMING-17#10 Warning
Non-clocked sequential cell  
The clock pin C1/BALL_X_reg[9]/C is not reached by a timing clock
Related violations: <none>

TIMING-17#11 Warning
Non-clocked sequential cell  
The clock pin C1/BALL_Y_reg[0]/C is not reached by a timing clock
Related violations: <none>

TIMING-17#12 Warning
Non-clocked sequential cell  
The clock pin C1/BALL_Y_reg[1]/C is not reached by a timing clock
Related violations: <none>

TIMING-17#13 Warning
Non-clocked sequential cell  
The clock pin C1/BALL_Y_reg[2]/C is not reached by a timing clock
Related violations: <none>

TIMING-17#14 Warning
Non-clocked sequential cell  
The clock pin C1/BALL_Y_reg[3]/C is not reached by a timing clock
Related violations: <none>

TIMING-17#15 Warning
Non-clocked sequential cell  
The clock pin C1/BALL_Y_reg[4]/C is not reached by a timing clock
Related violations: <none>

TIMING-17#16 Warning
Non-clocked sequential cell  
The clock pin C1/BALL_Y_reg[5]/C is not reached by a timing clock
Related violations: <none>

TIMING-17#17 Warning
Non-clocked sequential cell  
The clock pin C1/BALL_Y_reg[6]/C is not reached by a timing clock
Related violations: <none>

TIMING-17#18 Warning
Non-clocked sequential cell  
The clock pin C1/BALL_Y_reg[7]/C is not reached by a timing clock
Related violations: <none>

TIMING-17#19 Warning
Non-clocked sequential cell  
The clock pin C1/BALL_Y_reg[8]/C is not reached by a timing clock
Related violations: <none>

TIMING-17#20 Warning
Non-clocked sequential cell  
The clock pin C1/BALL_Y_reg[9]/C is not reached by a timing clock
Related violations: <none>

TIMING-17#21 Warning
Non-clocked sequential cell  
The clock pin C1/ballSpeedX_reg[3]/C is not reached by a timing clock
Related violations: <none>

TIMING-17#22 Warning
Non-clocked sequential cell  
The clock pin C1/ballSpeedX_reg[4]/C is not reached by a timing clock
Related violations: <none>

TIMING-17#23 Warning
Non-clocked sequential cell  
The clock pin C1/ballSpeedX_reg[5]/C is not reached by a timing clock
Related violations: <none>

TIMING-17#24 Warning
Non-clocked sequential cell  
The clock pin C1/ballSpeedX_reg[6]/C is not reached by a timing clock
Related violations: <none>

TIMING-17#25 Warning
Non-clocked sequential cell  
The clock pin C1/ballSpeedX_reg[7]/C is not reached by a timing clock
Related violations: <none>

TIMING-17#26 Warning
Non-clocked sequential cell  
The clock pin C1/ballSpeedY_reg[0]/C is not reached by a timing clock
Related violations: <none>

TIMING-17#27 Warning
Non-clocked sequential cell  
The clock pin C1/ballSpeedY_reg[1]/C is not reached by a timing clock
Related violations: <none>

TIMING-17#28 Warning
Non-clocked sequential cell  
The clock pin C1/ballSpeedY_reg[2]/C is not reached by a timing clock
Related violations: <none>

TIMING-17#29 Warning
Non-clocked sequential cell  
The clock pin C1/ballSpeedY_reg[3]/C is not reached by a timing clock
Related violations: <none>

TIMING-17#30 Warning
Non-clocked sequential cell  
The clock pin C1/ballSpeedY_reg[4]/C is not reached by a timing clock
Related violations: <none>

TIMING-17#31 Warning
Non-clocked sequential cell  
The clock pin C1/ballSpeedY_reg[5]/C is not reached by a timing clock
Related violations: <none>

TIMING-17#32 Warning
Non-clocked sequential cell  
The clock pin C1/ballSpeedY_reg[6]/C is not reached by a timing clock
Related violations: <none>

TIMING-17#33 Warning
Non-clocked sequential cell  
The clock pin C1/ballSpeedY_reg[7]/C is not reached by a timing clock
Related violations: <none>

TIMING-17#34 Warning
Non-clocked sequential cell  
The clock pin C1/bottomLifes_reg[0]/C is not reached by a timing clock
Related violations: <none>

TIMING-17#35 Warning
Non-clocked sequential cell  
The clock pin C1/bottomLifes_reg[1]/C is not reached by a timing clock
Related violations: <none>

TIMING-17#36 Warning
Non-clocked sequential cell  
The clock pin C1/bottomLifes_reg[2]/C is not reached by a timing clock
Related violations: <none>

TIMING-17#37 Warning
Non-clocked sequential cell  
The clock pin C1/counter_reg[0]/C is not reached by a timing clock
Related violations: <none>

TIMING-17#38 Warning
Non-clocked sequential cell  
The clock pin C1/counter_reg[10]/C is not reached by a timing clock
Related violations: <none>

TIMING-17#39 Warning
Non-clocked sequential cell  
The clock pin C1/counter_reg[11]/C is not reached by a timing clock
Related violations: <none>

TIMING-17#40 Warning
Non-clocked sequential cell  
The clock pin C1/counter_reg[12]/C is not reached by a timing clock
Related violations: <none>

TIMING-17#41 Warning
Non-clocked sequential cell  
The clock pin C1/counter_reg[13]/C is not reached by a timing clock
Related violations: <none>

TIMING-17#42 Warning
Non-clocked sequential cell  
The clock pin C1/counter_reg[14]/C is not reached by a timing clock
Related violations: <none>

TIMING-17#43 Warning
Non-clocked sequential cell  
The clock pin C1/counter_reg[15]/C is not reached by a timing clock
Related violations: <none>

TIMING-17#44 Warning
Non-clocked sequential cell  
The clock pin C1/counter_reg[16]/C is not reached by a timing clock
Related violations: <none>

TIMING-17#45 Warning
Non-clocked sequential cell  
The clock pin C1/counter_reg[17]/C is not reached by a timing clock
Related violations: <none>

TIMING-17#46 Warning
Non-clocked sequential cell  
The clock pin C1/counter_reg[18]/C is not reached by a timing clock
Related violations: <none>

TIMING-17#47 Warning
Non-clocked sequential cell  
The clock pin C1/counter_reg[19]/C is not reached by a timing clock
Related violations: <none>

TIMING-17#48 Warning
Non-clocked sequential cell  
The clock pin C1/counter_reg[1]/C is not reached by a timing clock
Related violations: <none>

TIMING-17#49 Warning
Non-clocked sequential cell  
The clock pin C1/counter_reg[20]/C is not reached by a timing clock
Related violations: <none>

TIMING-17#50 Warning
Non-clocked sequential cell  
The clock pin C1/counter_reg[21]/C is not reached by a timing clock
Related violations: <none>

TIMING-17#51 Warning
Non-clocked sequential cell  
The clock pin C1/counter_reg[22]/C is not reached by a timing clock
Related violations: <none>

TIMING-17#52 Warning
Non-clocked sequential cell  
The clock pin C1/counter_reg[23]/C is not reached by a timing clock
Related violations: <none>

TIMING-17#53 Warning
Non-clocked sequential cell  
The clock pin C1/counter_reg[2]/C is not reached by a timing clock
Related violations: <none>

TIMING-17#54 Warning
Non-clocked sequential cell  
The clock pin C1/counter_reg[3]/C is not reached by a timing clock
Related violations: <none>

TIMING-17#55 Warning
Non-clocked sequential cell  
The clock pin C1/counter_reg[4]/C is not reached by a timing clock
Related violations: <none>

TIMING-17#56 Warning
Non-clocked sequential cell  
The clock pin C1/counter_reg[5]/C is not reached by a timing clock
Related violations: <none>

TIMING-17#57 Warning
Non-clocked sequential cell  
The clock pin C1/counter_reg[6]/C is not reached by a timing clock
Related violations: <none>

TIMING-17#58 Warning
Non-clocked sequential cell  
The clock pin C1/counter_reg[7]/C is not reached by a timing clock
Related violations: <none>

TIMING-17#59 Warning
Non-clocked sequential cell  
The clock pin C1/counter_reg[8]/C is not reached by a timing clock
Related violations: <none>

TIMING-17#60 Warning
Non-clocked sequential cell  
The clock pin C1/counter_reg[9]/C is not reached by a timing clock
Related violations: <none>

TIMING-17#61 Warning
Non-clocked sequential cell  
The clock pin C1/resetBall_reg/C is not reached by a timing clock
Related violations: <none>

TIMING-17#62 Warning
Non-clocked sequential cell  
The clock pin C1/topLifes_reg[0]/C is not reached by a timing clock
Related violations: <none>

TIMING-17#63 Warning
Non-clocked sequential cell  
The clock pin C1/topLifes_reg[1]/C is not reached by a timing clock
Related violations: <none>

TIMING-17#64 Warning
Non-clocked sequential cell  
The clock pin C1/topLifes_reg[2]/C is not reached by a timing clock
Related violations: <none>

TIMING-18#1 Warning
Missing input or output delay  
An input delay is missing on KEY[0] relative to clock(s) sys_clk_pin 
Related violations: <none>

TIMING-18#2 Warning
Missing input or output delay  
An input delay is missing on KEY[1] relative to clock(s) sys_clk_pin 
Related violations: <none>

TIMING-18#3 Warning
Missing input or output delay  
An input delay is missing on KEY[2] relative to clock(s) sys_clk_pin 
Related violations: <none>

TIMING-18#4 Warning
Missing input or output delay  
An input delay is missing on KEY[3] relative to clock(s) sys_clk_pin 
Related violations: <none>

TIMING-18#5 Warning
Missing input or output delay  
An output delay is missing on Anode_Activate_o[0] relative to clock(s) sys_clk_pin 
Related violations: <none>

TIMING-18#6 Warning
Missing input or output delay  
An output delay is missing on Anode_Activate_o[1] relative to clock(s) sys_clk_pin 
Related violations: <none>

TIMING-18#7 Warning
Missing input or output delay  
An output delay is missing on Anode_Activate_o[2] relative to clock(s) sys_clk_pin 
Related violations: <none>

TIMING-18#8 Warning
Missing input or output delay  
An output delay is missing on Anode_Activate_o[3] relative to clock(s) sys_clk_pin 
Related violations: <none>

TIMING-18#9 Warning
Missing input or output delay  
An output delay is missing on VGA_B[0] relative to clock(s) sys_clk_pin 
Related violations: <none>

TIMING-18#10 Warning
Missing input or output delay  
An output delay is missing on VGA_B[1] relative to clock(s) sys_clk_pin 
Related violations: <none>

TIMING-18#11 Warning
Missing input or output delay  
An output delay is missing on VGA_B[2] relative to clock(s) sys_clk_pin 
Related violations: <none>

TIMING-18#12 Warning
Missing input or output delay  
An output delay is missing on VGA_B[3] relative to clock(s) sys_clk_pin 
Related violations: <none>

TIMING-18#13 Warning
Missing input or output delay  
An output delay is missing on VGA_G[0] relative to clock(s) sys_clk_pin 
Related violations: <none>

TIMING-18#14 Warning
Missing input or output delay  
An output delay is missing on VGA_G[1] relative to clock(s) sys_clk_pin 
Related violations: <none>

TIMING-18#15 Warning
Missing input or output delay  
An output delay is missing on VGA_G[2] relative to clock(s) sys_clk_pin 
Related violations: <none>

TIMING-18#16 Warning
Missing input or output delay  
An output delay is missing on VGA_G[3] relative to clock(s) sys_clk_pin 
Related violations: <none>

TIMING-18#17 Warning
Missing input or output delay  
An output delay is missing on VGA_HS relative to clock(s) sys_clk_pin 
Related violations: <none>

TIMING-18#18 Warning
Missing input or output delay  
An output delay is missing on VGA_R[0] relative to clock(s) sys_clk_pin 
Related violations: <none>

TIMING-18#19 Warning
Missing input or output delay  
An output delay is missing on VGA_R[1] relative to clock(s) sys_clk_pin 
Related violations: <none>

TIMING-18#20 Warning
Missing input or output delay  
An output delay is missing on VGA_R[2] relative to clock(s) sys_clk_pin 
Related violations: <none>

TIMING-18#21 Warning
Missing input or output delay  
An output delay is missing on VGA_R[3] relative to clock(s) sys_clk_pin 
Related violations: <none>

TIMING-18#22 Warning
Missing input or output delay  
An output delay is missing on VGA_VS relative to clock(s) sys_clk_pin 
Related violations: <none>

TIMING-20#1 Warning
Non-clocked latch  
The latch C1/DRAW4_reg cannot be properly analyzed as its control pin C1/DRAW4_reg/G is not reached by a timing clock
Related violations: <none>

TIMING-20#2 Warning
Non-clocked latch  
The latch C1/DRAW5_reg cannot be properly analyzed as its control pin C1/DRAW5_reg/G is not reached by a timing clock
Related violations: <none>

TIMING-20#3 Warning
Non-clocked latch  
The latch C1/DRAW6_reg cannot be properly analyzed as its control pin C1/DRAW6_reg/G is not reached by a timing clock
Related violations: <none>

TIMING-20#4 Warning
Non-clocked latch  
The latch C1/LED_BCD_reg[0] cannot be properly analyzed as its control pin C1/LED_BCD_reg[0]/G is not reached by a timing clock
Related violations: <none>

TIMING-20#5 Warning
Non-clocked latch  
The latch C1/LED_BCD_reg[1] cannot be properly analyzed as its control pin C1/LED_BCD_reg[1]/G is not reached by a timing clock
Related violations: <none>

TIMING-20#6 Warning
Non-clocked latch  
The latch C1/LED_BCD_reg[2] cannot be properly analyzed as its control pin C1/LED_BCD_reg[2]/G is not reached by a timing clock
Related violations: <none>

TIMING-20#7 Warning
Non-clocked latch  
The latch C1/OB_X1_reg[0] cannot be properly analyzed as its control pin C1/OB_X1_reg[0]/G is not reached by a timing clock
Related violations: <none>

TIMING-20#8 Warning
Non-clocked latch  
The latch C1/OB_X1_reg[10] cannot be properly analyzed as its control pin C1/OB_X1_reg[10]/G is not reached by a timing clock
Related violations: <none>

TIMING-20#9 Warning
Non-clocked latch  
The latch C1/OB_X1_reg[1] cannot be properly analyzed as its control pin C1/OB_X1_reg[1]/G is not reached by a timing clock
Related violations: <none>

TIMING-20#10 Warning
Non-clocked latch  
The latch C1/OB_X1_reg[2] cannot be properly analyzed as its control pin C1/OB_X1_reg[2]/G is not reached by a timing clock
Related violations: <none>

TIMING-20#11 Warning
Non-clocked latch  
The latch C1/OB_X1_reg[3] cannot be properly analyzed as its control pin C1/OB_X1_reg[3]/G is not reached by a timing clock
Related violations: <none>

TIMING-20#12 Warning
Non-clocked latch  
The latch C1/OB_X1_reg[4] cannot be properly analyzed as its control pin C1/OB_X1_reg[4]/G is not reached by a timing clock
Related violations: <none>

TIMING-20#13 Warning
Non-clocked latch  
The latch C1/OB_X1_reg[5] cannot be properly analyzed as its control pin C1/OB_X1_reg[5]/G is not reached by a timing clock
Related violations: <none>

TIMING-20#14 Warning
Non-clocked latch  
The latch C1/OB_X1_reg[6] cannot be properly analyzed as its control pin C1/OB_X1_reg[6]/G is not reached by a timing clock
Related violations: <none>

TIMING-20#15 Warning
Non-clocked latch  
The latch C1/OB_X1_reg[7] cannot be properly analyzed as its control pin C1/OB_X1_reg[7]/G is not reached by a timing clock
Related violations: <none>

TIMING-20#16 Warning
Non-clocked latch  
The latch C1/OB_X1_reg[8] cannot be properly analyzed as its control pin C1/OB_X1_reg[8]/G is not reached by a timing clock
Related violations: <none>

TIMING-20#17 Warning
Non-clocked latch  
The latch C1/OB_X1_reg[9] cannot be properly analyzed as its control pin C1/OB_X1_reg[9]/G is not reached by a timing clock
Related violations: <none>

TIMING-20#18 Warning
Non-clocked latch  
The latch C1/OB_X2_reg[0] cannot be properly analyzed as its control pin C1/OB_X2_reg[0]/G is not reached by a timing clock
Related violations: <none>

TIMING-20#19 Warning
Non-clocked latch  
The latch C1/OB_X2_reg[10] cannot be properly analyzed as its control pin C1/OB_X2_reg[10]/G is not reached by a timing clock
Related violations: <none>

TIMING-20#20 Warning
Non-clocked latch  
The latch C1/OB_X2_reg[1] cannot be properly analyzed as its control pin C1/OB_X2_reg[1]/G is not reached by a timing clock
Related violations: <none>

TIMING-20#21 Warning
Non-clocked latch  
The latch C1/OB_X2_reg[2] cannot be properly analyzed as its control pin C1/OB_X2_reg[2]/G is not reached by a timing clock
Related violations: <none>

TIMING-20#22 Warning
Non-clocked latch  
The latch C1/OB_X2_reg[3] cannot be properly analyzed as its control pin C1/OB_X2_reg[3]/G is not reached by a timing clock
Related violations: <none>

TIMING-20#23 Warning
Non-clocked latch  
The latch C1/OB_X2_reg[4] cannot be properly analyzed as its control pin C1/OB_X2_reg[4]/G is not reached by a timing clock
Related violations: <none>

TIMING-20#24 Warning
Non-clocked latch  
The latch C1/OB_X2_reg[5] cannot be properly analyzed as its control pin C1/OB_X2_reg[5]/G is not reached by a timing clock
Related violations: <none>

TIMING-20#25 Warning
Non-clocked latch  
The latch C1/OB_X2_reg[6] cannot be properly analyzed as its control pin C1/OB_X2_reg[6]/G is not reached by a timing clock
Related violations: <none>

TIMING-20#26 Warning
Non-clocked latch  
The latch C1/OB_X2_reg[7] cannot be properly analyzed as its control pin C1/OB_X2_reg[7]/G is not reached by a timing clock
Related violations: <none>

TIMING-20#27 Warning
Non-clocked latch  
The latch C1/OB_X2_reg[8] cannot be properly analyzed as its control pin C1/OB_X2_reg[8]/G is not reached by a timing clock
Related violations: <none>

TIMING-20#28 Warning
Non-clocked latch  
The latch C1/OB_X2_reg[9] cannot be properly analyzed as its control pin C1/OB_X2_reg[9]/G is not reached by a timing clock
Related violations: <none>

TIMING-20#29 Warning
Non-clocked latch  
The latch C1/OB_X3_reg[0] cannot be properly analyzed as its control pin C1/OB_X3_reg[0]/G is not reached by a timing clock
Related violations: <none>

TIMING-20#30 Warning
Non-clocked latch  
The latch C1/OB_X3_reg[10] cannot be properly analyzed as its control pin C1/OB_X3_reg[10]/G is not reached by a timing clock
Related violations: <none>

TIMING-20#31 Warning
Non-clocked latch  
The latch C1/OB_X3_reg[1] cannot be properly analyzed as its control pin C1/OB_X3_reg[1]/G is not reached by a timing clock
Related violations: <none>

TIMING-20#32 Warning
Non-clocked latch  
The latch C1/OB_X3_reg[2] cannot be properly analyzed as its control pin C1/OB_X3_reg[2]/G is not reached by a timing clock
Related violations: <none>

TIMING-20#33 Warning
Non-clocked latch  
The latch C1/OB_X3_reg[3] cannot be properly analyzed as its control pin C1/OB_X3_reg[3]/G is not reached by a timing clock
Related violations: <none>

TIMING-20#34 Warning
Non-clocked latch  
The latch C1/OB_X3_reg[4] cannot be properly analyzed as its control pin C1/OB_X3_reg[4]/G is not reached by a timing clock
Related violations: <none>

TIMING-20#35 Warning
Non-clocked latch  
The latch C1/OB_X3_reg[5] cannot be properly analyzed as its control pin C1/OB_X3_reg[5]/G is not reached by a timing clock
Related violations: <none>

TIMING-20#36 Warning
Non-clocked latch  
The latch C1/OB_X3_reg[6] cannot be properly analyzed as its control pin C1/OB_X3_reg[6]/G is not reached by a timing clock
Related violations: <none>

TIMING-20#37 Warning
Non-clocked latch  
The latch C1/OB_X3_reg[7] cannot be properly analyzed as its control pin C1/OB_X3_reg[7]/G is not reached by a timing clock
Related violations: <none>

TIMING-20#38 Warning
Non-clocked latch  
The latch C1/OB_X3_reg[8] cannot be properly analyzed as its control pin C1/OB_X3_reg[8]/G is not reached by a timing clock
Related violations: <none>

TIMING-20#39 Warning
Non-clocked latch  
The latch C1/OB_X3_reg[9] cannot be properly analyzed as its control pin C1/OB_X3_reg[9]/G is not reached by a timing clock
Related violations: <none>

TIMING-20#40 Warning
Non-clocked latch  
The latch C1/OB_Y1_reg[0] cannot be properly analyzed as its control pin C1/OB_Y1_reg[0]/G is not reached by a timing clock
Related violations: <none>

TIMING-20#41 Warning
Non-clocked latch  
The latch C1/OB_Y1_reg[1] cannot be properly analyzed as its control pin C1/OB_Y1_reg[1]/G is not reached by a timing clock
Related violations: <none>

TIMING-20#42 Warning
Non-clocked latch  
The latch C1/OB_Y1_reg[2] cannot be properly analyzed as its control pin C1/OB_Y1_reg[2]/G is not reached by a timing clock
Related violations: <none>

TIMING-20#43 Warning
Non-clocked latch  
The latch C1/OB_Y1_reg[3] cannot be properly analyzed as its control pin C1/OB_Y1_reg[3]/G is not reached by a timing clock
Related violations: <none>

TIMING-20#44 Warning
Non-clocked latch  
The latch C1/OB_Y1_reg[4] cannot be properly analyzed as its control pin C1/OB_Y1_reg[4]/G is not reached by a timing clock
Related violations: <none>

TIMING-20#45 Warning
Non-clocked latch  
The latch C1/OB_Y1_reg[5] cannot be properly analyzed as its control pin C1/OB_Y1_reg[5]/G is not reached by a timing clock
Related violations: <none>

TIMING-20#46 Warning
Non-clocked latch  
The latch C1/OB_Y1_reg[6] cannot be properly analyzed as its control pin C1/OB_Y1_reg[6]/G is not reached by a timing clock
Related violations: <none>

TIMING-20#47 Warning
Non-clocked latch  
The latch C1/OB_Y1_reg[7] cannot be properly analyzed as its control pin C1/OB_Y1_reg[7]/G is not reached by a timing clock
Related violations: <none>

TIMING-20#48 Warning
Non-clocked latch  
The latch C1/OB_Y1_reg[8] cannot be properly analyzed as its control pin C1/OB_Y1_reg[8]/G is not reached by a timing clock
Related violations: <none>

TIMING-20#49 Warning
Non-clocked latch  
The latch C1/OB_Y1_reg[9] cannot be properly analyzed as its control pin C1/OB_Y1_reg[9]/G is not reached by a timing clock
Related violations: <none>

TIMING-20#50 Warning
Non-clocked latch  
The latch C1/OB_Y2_reg[0] cannot be properly analyzed as its control pin C1/OB_Y2_reg[0]/G is not reached by a timing clock
Related violations: <none>

TIMING-20#51 Warning
Non-clocked latch  
The latch C1/OB_Y2_reg[1] cannot be properly analyzed as its control pin C1/OB_Y2_reg[1]/G is not reached by a timing clock
Related violations: <none>

TIMING-20#52 Warning
Non-clocked latch  
The latch C1/OB_Y2_reg[2] cannot be properly analyzed as its control pin C1/OB_Y2_reg[2]/G is not reached by a timing clock
Related violations: <none>

TIMING-20#53 Warning
Non-clocked latch  
The latch C1/OB_Y2_reg[3] cannot be properly analyzed as its control pin C1/OB_Y2_reg[3]/G is not reached by a timing clock
Related violations: <none>

TIMING-20#54 Warning
Non-clocked latch  
The latch C1/OB_Y2_reg[4] cannot be properly analyzed as its control pin C1/OB_Y2_reg[4]/G is not reached by a timing clock
Related violations: <none>

TIMING-20#55 Warning
Non-clocked latch  
The latch C1/OB_Y2_reg[5] cannot be properly analyzed as its control pin C1/OB_Y2_reg[5]/G is not reached by a timing clock
Related violations: <none>

TIMING-20#56 Warning
Non-clocked latch  
The latch C1/OB_Y2_reg[6] cannot be properly analyzed as its control pin C1/OB_Y2_reg[6]/G is not reached by a timing clock
Related violations: <none>

TIMING-20#57 Warning
Non-clocked latch  
The latch C1/OB_Y2_reg[7] cannot be properly analyzed as its control pin C1/OB_Y2_reg[7]/G is not reached by a timing clock
Related violations: <none>

TIMING-20#58 Warning
Non-clocked latch  
The latch C1/OB_Y2_reg[8] cannot be properly analyzed as its control pin C1/OB_Y2_reg[8]/G is not reached by a timing clock
Related violations: <none>

TIMING-20#59 Warning
Non-clocked latch  
The latch C1/OB_Y2_reg[9] cannot be properly analyzed as its control pin C1/OB_Y2_reg[9]/G is not reached by a timing clock
Related violations: <none>

TIMING-20#60 Warning
Non-clocked latch  
The latch C1/OB_Y3_reg[0] cannot be properly analyzed as its control pin C1/OB_Y3_reg[0]/G is not reached by a timing clock
Related violations: <none>

TIMING-20#61 Warning
Non-clocked latch  
The latch C1/OB_Y3_reg[1] cannot be properly analyzed as its control pin C1/OB_Y3_reg[1]/G is not reached by a timing clock
Related violations: <none>

TIMING-20#62 Warning
Non-clocked latch  
The latch C1/OB_Y3_reg[2] cannot be properly analyzed as its control pin C1/OB_Y3_reg[2]/G is not reached by a timing clock
Related violations: <none>

TIMING-20#63 Warning
Non-clocked latch  
The latch C1/OB_Y3_reg[3] cannot be properly analyzed as its control pin C1/OB_Y3_reg[3]/G is not reached by a timing clock
Related violations: <none>

TIMING-20#64 Warning
Non-clocked latch  
The latch C1/OB_Y3_reg[4] cannot be properly analyzed as its control pin C1/OB_Y3_reg[4]/G is not reached by a timing clock
Related violations: <none>

TIMING-20#65 Warning
Non-clocked latch  
The latch C1/OB_Y3_reg[5] cannot be properly analyzed as its control pin C1/OB_Y3_reg[5]/G is not reached by a timing clock
Related violations: <none>

TIMING-20#66 Warning
Non-clocked latch  
The latch C1/OB_Y3_reg[6] cannot be properly analyzed as its control pin C1/OB_Y3_reg[6]/G is not reached by a timing clock
Related violations: <none>

TIMING-20#67 Warning
Non-clocked latch  
The latch C1/OB_Y3_reg[7] cannot be properly analyzed as its control pin C1/OB_Y3_reg[7]/G is not reached by a timing clock
Related violations: <none>

TIMING-20#68 Warning
Non-clocked latch  
The latch C1/OB_Y3_reg[8] cannot be properly analyzed as its control pin C1/OB_Y3_reg[8]/G is not reached by a timing clock
Related violations: <none>

TIMING-20#69 Warning
Non-clocked latch  
The latch C1/OB_Y3_reg[9] cannot be properly analyzed as its control pin C1/OB_Y3_reg[9]/G is not reached by a timing clock
Related violations: <none>

TIMING-20#70 Warning
Non-clocked latch  
The latch C1/gameOver_reg cannot be properly analyzed as its control pin C1/gameOver_reg/G is not reached by a timing clock
Related violations: <none>

TIMING-20#71 Warning
Non-clocked latch  
The latch C1/randomx_reg[0] cannot be properly analyzed as its control pin C1/randomx_reg[0]/G is not reached by a timing clock
Related violations: <none>

TIMING-20#72 Warning
Non-clocked latch  
The latch C1/randomx_reg[10] cannot be properly analyzed as its control pin C1/randomx_reg[10]/G is not reached by a timing clock
Related violations: <none>

TIMING-20#73 Warning
Non-clocked latch  
The latch C1/randomx_reg[1] cannot be properly analyzed as its control pin C1/randomx_reg[1]/G is not reached by a timing clock
Related violations: <none>

TIMING-20#74 Warning
Non-clocked latch  
The latch C1/randomx_reg[2] cannot be properly analyzed as its control pin C1/randomx_reg[2]/G is not reached by a timing clock
Related violations: <none>

TIMING-20#75 Warning
Non-clocked latch  
The latch C1/randomx_reg[3] cannot be properly analyzed as its control pin C1/randomx_reg[3]/G is not reached by a timing clock
Related violations: <none>

TIMING-20#76 Warning
Non-clocked latch  
The latch C1/randomx_reg[4] cannot be properly analyzed as its control pin C1/randomx_reg[4]/G is not reached by a timing clock
Related violations: <none>

TIMING-20#77 Warning
Non-clocked latch  
The latch C1/randomx_reg[5] cannot be properly analyzed as its control pin C1/randomx_reg[5]/G is not reached by a timing clock
Related violations: <none>

TIMING-20#78 Warning
Non-clocked latch  
The latch C1/randomx_reg[6] cannot be properly analyzed as its control pin C1/randomx_reg[6]/G is not reached by a timing clock
Related violations: <none>

TIMING-20#79 Warning
Non-clocked latch  
The latch C1/randomx_reg[7] cannot be properly analyzed as its control pin C1/randomx_reg[7]/G is not reached by a timing clock
Related violations: <none>

TIMING-20#80 Warning
Non-clocked latch  
The latch C1/randomx_reg[8] cannot be properly analyzed as its control pin C1/randomx_reg[8]/G is not reached by a timing clock
Related violations: <none>

TIMING-20#81 Warning
Non-clocked latch  
The latch C1/randomx_reg[9] cannot be properly analyzed as its control pin C1/randomx_reg[9]/G is not reached by a timing clock
Related violations: <none>

TIMING-20#82 Warning
Non-clocked latch  
The latch C1/randomy_reg[0] cannot be properly analyzed as its control pin C1/randomy_reg[0]/G is not reached by a timing clock
Related violations: <none>

TIMING-20#83 Warning
Non-clocked latch  
The latch C1/randomy_reg[1] cannot be properly analyzed as its control pin C1/randomy_reg[1]/G is not reached by a timing clock
Related violations: <none>

TIMING-20#84 Warning
Non-clocked latch  
The latch C1/randomy_reg[2] cannot be properly analyzed as its control pin C1/randomy_reg[2]/G is not reached by a timing clock
Related violations: <none>

TIMING-20#85 Warning
Non-clocked latch  
The latch C1/randomy_reg[3] cannot be properly analyzed as its control pin C1/randomy_reg[3]/G is not reached by a timing clock
Related violations: <none>

TIMING-20#86 Warning
Non-clocked latch  
The latch C1/randomy_reg[4] cannot be properly analyzed as its control pin C1/randomy_reg[4]/G is not reached by a timing clock
Related violations: <none>

TIMING-20#87 Warning
Non-clocked latch  
The latch C1/randomy_reg[5] cannot be properly analyzed as its control pin C1/randomy_reg[5]/G is not reached by a timing clock
Related violations: <none>

TIMING-20#88 Warning
Non-clocked latch  
The latch C1/randomy_reg[6] cannot be properly analyzed as its control pin C1/randomy_reg[6]/G is not reached by a timing clock
Related violations: <none>

TIMING-20#89 Warning
Non-clocked latch  
The latch C1/randomy_reg[7] cannot be properly analyzed as its control pin C1/randomy_reg[7]/G is not reached by a timing clock
Related violations: <none>

TIMING-20#90 Warning
Non-clocked latch  
The latch C1/randomy_reg[8] cannot be properly analyzed as its control pin C1/randomy_reg[8]/G is not reached by a timing clock
Related violations: <none>

TIMING-20#91 Warning
Non-clocked latch  
The latch C1/randomy_reg[9] cannot be properly analyzed as its control pin C1/randomy_reg[9]/G is not reached by a timing clock
Related violations: <none>


